<?xml version="1.0" encoding="UTF-8"?>
<!-- Generated by org.testng.reporters.JUnitXMLReporter -->
<testsuite hostname="DESKTOP-H2MKU22" ignored="0" name="Default test(failed)" tests="3" failures="0" timestamp="23 Jan 2020 08:20:35 GMT" time="36.55" errors="0">
  <testcase name="registerLink" time="7.057" classname="jan23.Test2"/>
  <testcase name="hotelLink" time="5.433" classname="jan23.Test2"/>
  <testcase name="carrentalsLink" time="4.954" classname="jan23.Test2"/>
</testsuite> <!-- Default test(failed) -->
