<?xml version="1.0" encoding="UTF-8"?>
<!-- Generated by org.testng.reporters.JUnitXMLReporter -->
<testsuite hostname="DESKTOP-H2MKU22" ignored="0" name="Test" tests="5" failures="0" timestamp="23 Jan 2020 08:22:40 GMT" time="0.08" errors="0">
  <testcase name="tc1" time="0.015" classname="jan23.Testng1"/>
  <testcase name="tc2" time="0.0" classname="jan23.Testng1"/>
  <testcase name="compose" time="0.016" classname="jan23.Sample"/>
  <testcase name="login" time="0.0" classname="jan23.Sample"/>
  <testcase name="reply" time="0.0" classname="jan23.Sample"/>
</testsuite> <!-- Test -->
