<?xml version="1.0" encoding="UTF-8"?>
<testng-results skipped="0" failed="0" ignored="0" total="1" passed="1">
  <reporter-output>
    <line>
      <![CDATA[no of rows are::8  columns in first row::4]]>
    </line>
    <line>
      <![CDATA[Login Success]]>
    </line>
    <line>
      <![CDATA[Invalid credentials]]>
    </line>
    <line>
      <![CDATA[Username cannot be empty]]>
    </line>
    <line>
      <![CDATA[Password cannot be empty]]>
    </line>
    <line>
      <![CDATA[Login Success]]>
    </line>
    <line>
      <![CDATA[Login Success]]>
    </line>
    <line>
      <![CDATA[Login Success]]>
    </line>
    <line>
      <![CDATA[Invalid credentials]]>
    </line>
  </reporter-output>
  <suite name="Default suite" duration-ms="71997" started-at="2020-03-05T05:38:23Z" finished-at="2020-03-05T05:39:35Z">
    <groups>
    </groups>
    <test name="Default test" duration-ms="71997" started-at="2020-03-05T05:38:23Z" finished-at="2020-03-05T05:39:35Z">
      <class name="jan29.Datadriven$DataDriven">
        <test-method status="PASS" signature="setUp()[pri:0, instance:jan29.Datadriven$DataDriven@3234e239]" name="setUp" is-config="true" duration-ms="7306" started-at="2020-03-05T05:38:23Z" finished-at="2020-03-05T05:38:30Z">
          <reporter-output>
          </reporter-output>
        </test-method> <!-- setUp -->
        <test-method status="PASS" signature="Login()[pri:0, instance:jan29.Datadriven$DataDriven@3234e239]" name="Login" duration-ms="64540" started-at="2020-03-05T05:38:30Z" finished-at="2020-03-05T05:39:34Z">
          <reporter-output>
            <line>
              <![CDATA[no of rows are::8  columns in first row::4]]>
            </line>
            <line>
              <![CDATA[Login Success]]>
            </line>
            <line>
              <![CDATA[Invalid credentials]]>
            </line>
            <line>
              <![CDATA[Username cannot be empty]]>
            </line>
            <line>
              <![CDATA[Password cannot be empty]]>
            </line>
            <line>
              <![CDATA[Login Success]]>
            </line>
            <line>
              <![CDATA[Login Success]]>
            </line>
            <line>
              <![CDATA[Login Success]]>
            </line>
            <line>
              <![CDATA[Invalid credentials]]>
            </line>
          </reporter-output>
        </test-method> <!-- Login -->
        <test-method status="PASS" signature="tearDown()[pri:0, instance:jan29.Datadriven$DataDriven@3234e239]" name="tearDown" is-config="true" duration-ms="119" started-at="2020-03-05T05:39:34Z" finished-at="2020-03-05T05:39:35Z">
          <reporter-output>
          </reporter-output>
        </test-method> <!-- tearDown -->
      </class> <!-- jan29.Datadriven$DataDriven -->
    </test> <!-- Default test -->
  </suite> <!-- Default suite -->
</testng-results>
