<?xml version="1.0" encoding="UTF-8"?>
<!-- Generated by org.testng.reporters.JUnitXMLReporter -->
<testsuite hostname="DESKTOP-H2MKU22" ignored="0" name="Report" tests="6" failures="0" timestamp="23 Jan 2020 08:26:09 GMT" time="67.865" errors="0">
  <testcase name="carrentalsLink" time="5.502" classname="jan23.Test1"/>
  <testcase name="registeLink" time="6.692" classname="jan23.Test1"/>
  <testcase name="registerLink" time="5.549" classname="jan23.Test2"/>
  <testcase name="hotelLink" time="5.221" classname="jan23.Test1"/>
  <testcase name="hotelLink" time="5.456" classname="jan23.Test2"/>
  <testcase name="carrentalsLink" time="4.905" classname="jan23.Test2"/>
</testsuite> <!-- Report -->
